Using pre-set license
Built from '2021.3/release' branch; Version is '2021.3.38f1 (7a2fa5d8d101) revision 8007589'; Using compiler version '192829333'; Build Type 'Release'
OS: 'Windows 10  (10.0.19045) 64bit Core' Language: 'ko' Physical Memory: 8049 MB
BatchMode: 1, IsHumanControllingUs: 0, StartBugReporterOnCrash: 0, Is64bit: 1, IsPro: 1

COMMAND LINE ARGUMENTS:
C:\Program Files\Unity\Hub\Editor\2021.3.38f1\Editor\Unity.exe
-adb2
-batchMode
-noUpm
-name
AssetImportWorker1
-projectPath
C:/Users/minge/Github/VR_INTO_THEART/VR_INTO_THE_ART
-logFile
Logs/AssetImportWorker1.log
-srvPort
12736
Successfully changed project path to: C:/Users/minge/Github/VR_INTO_THEART/VR_INTO_THE_ART
C:/Users/minge/Github/VR_INTO_THEART/VR_INTO_THE_ART
[UnityMemory] Configuration Parameters - Can be set up in boot.config
    "memorysetup-bucket-allocator-granularity=16"
    "memorysetup-bucket-allocator-bucket-count=8"
    "memorysetup-bucket-allocator-block-size=33554432"
    "memorysetup-bucket-allocator-block-count=8"
    "memorysetup-main-allocator-block-size=16777216"
    "memorysetup-thread-allocator-block-size=16777216"
    "memorysetup-gfx-main-allocator-block-size=16777216"
    "memorysetup-gfx-thread-allocator-block-size=16777216"
    "memorysetup-cache-allocator-block-size=4194304"
    "memorysetup-typetree-allocator-block-size=2097152"
    "memorysetup-profiler-bucket-allocator-granularity=16"
    "memorysetup-profiler-bucket-allocator-bucket-count=8"
    "memorysetup-profiler-bucket-allocator-block-size=33554432"
    "memorysetup-profiler-bucket-allocator-block-count=8"
    "memorysetup-profiler-allocator-block-size=16777216"
    "memorysetup-profiler-editor-allocator-block-size=1048576"
    "memorysetup-temp-allocator-size-main=16777216"
    "memorysetup-job-temp-allocator-block-size=2097152"
    "memorysetup-job-temp-allocator-block-size-background=1048576"
    "memorysetup-job-temp-allocator-reduction-small-platforms=262144"
    "memorysetup-temp-allocator-size-background-worker=32768"
    "memorysetup-temp-allocator-size-job-worker=262144"
    "memorysetup-temp-allocator-size-preload-manager=33554432"
    "memorysetup-temp-allocator-size-nav-mesh-worker=65536"
    "memorysetup-temp-allocator-size-audio-worker=65536"
    "memorysetup-temp-allocator-size-cloud-worker=32768"
    "memorysetup-temp-allocator-size-gi-baking-worker=262144"
    "memorysetup-temp-allocator-size-gfx=262144"
Player connection [1540] Host "[IP] 192.168.56.1 [Port] 0 [Flags] 2 [Guid] 2347587227 [EditorId] 2347587227 [Version] 1048832 [Id] WindowsEditor(7,DESKTOP-8U54K7B) [Debug] 1 [PackageName] WindowsEditor [ProjectName] Editor" joined multi-casting on [225.0.0.222:54997]...

Player connection [1540] Host "[IP] 192.168.56.1 [Port] 0 [Flags] 2 [Guid] 2347587227 [EditorId] 2347587227 [Version] 1048832 [Id] WindowsEditor(7,DESKTOP-8U54K7B) [Debug] 1 [PackageName] WindowsEditor [ProjectName] Editor" joined alternative multi-casting on [225.0.0.222:34997]...

[Physics::Module] Initialized MultithreadedJobDispatcher with {0} workers.
Refreshing native plugins compatible for Editor in 454.07 ms, found 15 plugins.
Preloading 2 native plugins for Editor in 44.69 ms.
Initialize engine version: 2021.3.38f1 (7a2fa5d8d101)
[Subsystems] Discovering subsystems at path C:/Program Files/Unity/Hub/Editor/2021.3.38f1/Editor/Data/Resources/UnitySubsystems
[Subsystems] Discovering subsystems at path C:/Users/minge/Github/VR_INTO_THEART/VR_INTO_THE_ART/Assets
GfxDevice: creating device client; threaded=0; jobified=0
Direct3D:
    Version:  Direct3D 11.0 [level 11.1]
    Renderer: NVIDIA GeForce GTX 1650 (ID=0x1f91)
    Vendor:   NVIDIA
    VRAM:     3938 MB
    Driver:   31.0.15.5244
Shader 'Oculus/OVRMRCameraFrameLit': fallback shader 'Alpha-Diffuse' not found
Initialize mono
Mono path[0] = 'C:/Program Files/Unity/Hub/Editor/2021.3.38f1/Editor/Data/Managed'
Mono path[1] = 'C:/Program Files/Unity/Hub/Editor/2021.3.38f1/Editor/Data/MonoBleedingEdge/lib/mono/unityjit-win32'
Mono config path = 'C:/Program Files/Unity/Hub/Editor/2021.3.38f1/Editor/Data/MonoBleedingEdge/etc'
Using monoOptions --debugger-agent=transport=dt_socket,embedding=1,server=y,suspend=n,address=127.0.0.1:56104
Begin MonoManager ReloadAssembly
Registering precompiled unity dll's ...
Register platform support module: C:/Program Files/Unity/Hub/Editor/2021.3.38f1/Editor/Data/PlaybackEngines/AndroidPlayer/UnityEditor.Android.Extensions.dll
Register platform support module: C:/Program Files/Unity/Hub/Editor/2021.3.38f1/Editor/Data/PlaybackEngines/WindowsStandaloneSupport/UnityEditor.WindowsStandalone.Extensions.dll
Register platform support module: C:/Program Files/Unity/Hub/Editor/2021.3.38f1/Editor/Data/PlaybackEngines/MetroSupport/UnityEditor.UWP.Extensions.dll
Registered in 0.049788 seconds.
Native extension for UWP target not found
Native extension for WindowsStandalone target not found
Native extension for Android target not found
Android Extension - Scanning For ADB Devices 1102 ms
Refreshing native plugins compatible for Editor in 192.31 ms, found 15 plugins.
Preloading 2 native plugins for Editor in 0.80 ms.
Mono: successfully reloaded assembly
- Completed reload, in  2.713 seconds
Domain Reload Profiling:
	ReloadAssembly (2713ms)
		BeginReloadAssembly (356ms)
			ExecutionOrderSort (0ms)
			DisableScriptedObjects (0ms)
			BackupInstance (0ms)
			ReleaseScriptingObjects (0ms)
			CreateAndSetChildDomain (2ms)
		EndReloadAssembly (2078ms)
			LoadAssemblies (323ms)
			RebuildTransferFunctionScriptingTraits (1ms)
			SetupTypeCache (183ms)
			ReleaseScriptCaches (0ms)
			RebuildScriptCaches (36ms)
			SetupLoadedEditorAssemblies (1699ms)
				LogAssemblyErrors (0ms)
				InitializePlatformSupportModulesInManaged (1307ms)
				SetLoadedEditorAssemblies (0ms)
				RefreshPlugins (193ms)
				BeforeProcessingInitializeOnLoad (2ms)
				ProcessInitializeOnLoadAttributes (133ms)
				ProcessInitializeOnLoadMethodAttributes (65ms)
				AfterProcessingInitializeOnLoad (0ms)
				EditorAssembliesLoaded (0ms)
			ExecutionOrderSort2 (0ms)
			AwakeInstancesAfterBackupRestoration (0ms)
Platform modules already initialized, skipping
Registering precompiled user dll's ...
Registered in 0.142020 seconds.
Begin MonoManager ReloadAssembly
Native extension for UWP target not found
Native extension for WindowsStandalone target not found
Native extension for Android target not found
Refreshing native plugins compatible for Editor in 279.83 ms, found 15 plugins.
Preloading 2 native plugins for Editor in 1.12 ms.
Package Manager log level set to [2]
[XR] OculusXRPlugin: registering subsystems
[XR] Unable to register display lifecyle provider: [1]
[XR] Oculus Input lifecycle provider registered.
[XR] Unable to register input lifecyle provider: [1]
[XR] OVRP version 1.89.1
Mono: successfully reloaded assembly
- Completed reload, in  5.558 seconds
Domain Reload Profiling:
	ReloadAssembly (5560ms)
		BeginReloadAssembly (332ms)
			ExecutionOrderSort (0ms)
			DisableScriptedObjects (7ms)
			BackupInstance (0ms)
			ReleaseScriptingObjects (0ms)
			CreateAndSetChildDomain (24ms)
		EndReloadAssembly (4960ms)
			LoadAssemblies (778ms)
			RebuildTransferFunctionScriptingTraits (3ms)
			SetupTypeCache (896ms)
			ReleaseScriptCaches (5ms)
			RebuildScriptCaches (305ms)
			SetupLoadedEditorAssemblies (2833ms)
				LogAssemblyErrors (0ms)
				InitializePlatformSupportModulesInManaged (55ms)
				SetLoadedEditorAssemblies (0ms)
				RefreshPlugins (282ms)
				BeforeProcessingInitializeOnLoad (373ms)
				ProcessInitializeOnLoadAttributes (1865ms)
				ProcessInitializeOnLoadMethodAttributes (177ms)
				AfterProcessingInitializeOnLoad (81ms)
				EditorAssembliesLoaded (1ms)
			ExecutionOrderSort2 (0ms)
			AwakeInstancesAfterBackupRestoration (14ms)
Platform modules already initialized, skipping
========================================================================
Worker process is ready to serve import requests
Shader 'Oculus/OVRMRCameraFrameLit': fallback shader 'Alpha-Diffuse' not found
Launched and connected shader compiler UnityShaderCompiler.exe after 0.09 seconds
Refreshing native plugins compatible for Editor in 103.85 ms, found 15 plugins.
Preloading 2 native plugins for Editor in 4.30 ms.
Unloading 7709 Unused Serialized files (Serialized files now loaded: 0)
Unloading 109 unused Assets / (0.8 MB). Loaded Objects now: 8162.
Memory consumption went from 314.1 MB to 313.3 MB.
Total: 28.522900 ms (FindLiveObjects: 7.245700 ms CreateObjectMapping: 2.412700 ms MarkObjects: 8.623100 ms  DeleteObjects: 10.221900 ms)

AssetImportParameters requested are different than current active one (requested -> active):
  custom:video-decoder-ogg-theora: a1e56fd34408186e4bbccfd4996cb3dc -> 
  custom:container-muxer-webm: aa71ff27fc2769a1b78a27578f13a17b -> 
  custom:container-demuxer-webm: 4f35f7cbe854078d1ac9338744f61a02 -> 
  custom:video-encoder-webm-vp8: eb34c28f22e8b96e1ab97ce403110664 -> 
  custom:CustomObjectIndexerAttribute: 6b0e35c9178b02a6363f3721b7b8e397 -> 
  custom:audio-encoder-webm-vorbis: bf7c407c2cedff20999df2af8eb42d56 -> 
  custom:framework-win-MediaFoundation: 216162199b28c13a410421893ffa2e32 -> 
  custom:SearchIndexIgnoredProperties: e643bd26f0fe6173181afceb89e7c659 -> 
  custom:container-demuxer-ogg: 62fdf1f143b41e24485cea50d1cbac27 -> 
  custom:video-decoder-webm-vp8: 9c59270c3fd7afecdb556c50c9e8de78 -> 
  custom:audio-decoder-ogg-vorbis: bf7c407c2cedff20999df2af8eb42d56 -> 
========================================================================
Received Prepare
Registering precompiled user dll's ...
Registered in 0.136877 seconds.
Begin MonoManager ReloadAssembly
Native extension for UWP target not found
Native extension for WindowsStandalone target not found
Native extension for Android target not found
Refreshing native plugins compatible for Editor in 2.31 ms, found 15 plugins.
Preloading 2 native plugins for Editor in 0.69 ms.
[Package Manager] Server::EnsureServerProcessIsRunning -- launch failed, reason: Unity was launched with the -noUpm command-line argument
[Package Manager] Cannot connect to Unity Package Manager local server
[Package Manager] Server::EnsureServerProcessIsRunning -- launch failed, reason: Unity was launched with the -noUpm command-line argument
[Package Manager] Cannot connect to Unity Package Manager local server
[Package Manager] Server::EnsureServerProcessIsRunning -- launch failed, reason: Unity was launched with the -noUpm command-line argument
[Package Manager] Cannot connect to Unity Package Manager local server
[Package Manager] Server::EnsureServerProcessIsRunning -- launch failed, reason: Unity was launched with the -noUpm command-line argument
[Package Manager] Cannot connect to Unity Package Manager local server
[Package Manager] Server::EnsureServerProcessIsRunning -- launch failed, reason: Unity was launched with the -noUpm command-line argument
[Package Manager] Cannot connect to Unity Package Manager local server
Mono: successfully reloaded assembly
- Completed reload, in  5.535 seconds
Domain Reload Profiling:
	ReloadAssembly (5541ms)
		BeginReloadAssembly (1130ms)
			ExecutionOrderSort (0ms)
			DisableScriptedObjects (50ms)
			BackupInstance (0ms)
			ReleaseScriptingObjects (1ms)
			CreateAndSetChildDomain (341ms)
		EndReloadAssembly (4066ms)
			LoadAssemblies (806ms)
			RebuildTransferFunctionScriptingTraits (0ms)
			SetupTypeCache (816ms)
			ReleaseScriptCaches (3ms)
			RebuildScriptCaches (65ms)
			SetupLoadedEditorAssemblies (2380ms)
				LogAssemblyErrors (0ms)
				InitializePlatformSupportModulesInManaged (52ms)
				SetLoadedEditorAssemblies (1ms)
				RefreshPlugins (3ms)
				BeforeProcessingInitializeOnLoad (355ms)
				ProcessInitializeOnLoadAttributes (1624ms)
				ProcessInitializeOnLoadMethodAttributes (268ms)
				AfterProcessingInitializeOnLoad (74ms)
				EditorAssembliesLoaded (2ms)
			ExecutionOrderSort2 (0ms)
			AwakeInstancesAfterBackupRestoration (36ms)
Platform modules already initialized, skipping
Shader 'Oculus/OVRMRCameraFrameLit': fallback shader 'Alpha-Diffuse' not found
Refreshing native plugins compatible for Editor in 10.27 ms, found 15 plugins.
Preloading 2 native plugins for Editor in 1.32 ms.
Unloading 7460 Unused Serialized files (Serialized files now loaded: 0)
Unloading 103 unused Assets / (0.8 MB). Loaded Objects now: 8161.
Memory consumption went from 293.3 MB to 292.5 MB.
Total: 49.165100 ms (FindLiveObjects: 6.113500 ms CreateObjectMapping: 2.953200 ms MarkObjects: 34.338200 ms  DeleteObjects: 5.758000 ms)

AssetImportParameters requested are different than current active one (requested -> active):
  custom:video-decoder-ogg-theora: a1e56fd34408186e4bbccfd4996cb3dc -> 
  custom:container-muxer-webm: aa71ff27fc2769a1b78a27578f13a17b -> 
  custom:container-demuxer-webm: 4f35f7cbe854078d1ac9338744f61a02 -> 
  custom:video-encoder-webm-vp8: eb34c28f22e8b96e1ab97ce403110664 -> 
  custom:CustomObjectIndexerAttribute: 6b0e35c9178b02a6363f3721b7b8e397 -> 
  custom:audio-encoder-webm-vorbis: bf7c407c2cedff20999df2af8eb42d56 -> 
  custom:framework-win-MediaFoundation: 216162199b28c13a410421893ffa2e32 -> 
  custom:SearchIndexIgnoredProperties: e643bd26f0fe6173181afceb89e7c659 -> 
  custom:container-demuxer-ogg: 62fdf1f143b41e24485cea50d1cbac27 -> 
  custom:video-decoder-webm-vp8: 9c59270c3fd7afecdb556c50c9e8de78 -> 
  custom:audio-decoder-ogg-vorbis: bf7c407c2cedff20999df2af8eb42d56 -> 
========================================================================
Received Import Request.
  Time since last request: 2153.603581 seconds.
  path: Assets/Scripts/TextDisplay.cs
  artifactKey: Guid(de5608d42d2362843a5b253707feff34) Importer(815301076,1909f56bfc062723c751e8b465ee728b)
Number of updated assets reloaded before import = 0
Start importing Assets/Scripts/TextDisplay.cs using Guid(de5608d42d2362843a5b253707feff34) Importer(815301076,1909f56bfc062723c751e8b465ee728b)  -> (artifact id: 'f095b7eac0af9ac6d360a9eb32049d8d') in 0.166148 seconds 
Number of asset objects unloaded after import = 0
========================================================================
Received Import Request.
  Time since last request: 31.788410 seconds.
  path: Assets/Oculus/Spatializer/scenes/materials/AmbisonicObject1.mat
  artifactKey: Guid(584662273d60a0f47bd7fecbb570e66e) Importer(815301076,1909f56bfc062723c751e8b465ee728b)
Number of updated assets reloaded before import = 0
Start importing Assets/Oculus/Spatializer/scenes/materials/AmbisonicObject1.mat using Guid(584662273d60a0f47bd7fecbb570e66e) Importer(815301076,1909f56bfc062723c751e8b465ee728b)  -> (artifact id: 'eeb214b10a46d4c6e694416cb8c67da7') in 0.751172 seconds 
Number of asset objects unloaded after import = 12
========================================================================
Received Import Request.
  Time since last request: 0.000040 seconds.
  path: Assets/Oculus/SampleFramework/Usage/DistanceGrab/Materials/Ball03WithOutline.mat
  artifactKey: Guid(9cba9da727fd742f5b4083909359be0f) Importer(815301076,1909f56bfc062723c751e8b465ee728b)
Number of updated assets reloaded before import = 0
Start importing Assets/Oculus/SampleFramework/Usage/DistanceGrab/Materials/Ball03WithOutline.mat using Guid(9cba9da727fd742f5b4083909359be0f) Importer(815301076,1909f56bfc062723c751e8b465ee728b)  -> (artifact id: '4dab96a6965655877adf950855481b95') in 0.080461 seconds 
Number of asset objects unloaded after import = 4
========================================================================
Received Import Request.
  Time since last request: 0.000043 seconds.
  path: Assets/Oculus/SampleFramework/Usage/Passthrough/Materials/BackgroundSphere.mat
  artifactKey: Guid(039afe42ccf07934083540cfde4596f1) Importer(815301076,1909f56bfc062723c751e8b465ee728b)
Number of updated assets reloaded before import = 0
Start importing Assets/Oculus/SampleFramework/Usage/Passthrough/Materials/BackgroundSphere.mat using Guid(039afe42ccf07934083540cfde4596f1) Importer(815301076,1909f56bfc062723c751e8b465ee728b)  -> (artifact id: '3543e4f6cb7a043aaa08ab4638853de3') in 0.052501 seconds 
Number of asset objects unloaded after import = 2
========================================================================
Received Import Request.
  Time since last request: 0.000051 seconds.
  path: Assets/Oculus/SampleFramework/Usage/Passthrough/Materials/BlackUnlit.mat
  artifactKey: Guid(646da484d21bf48d887dedfb481d78f8) Importer(815301076,1909f56bfc062723c751e8b465ee728b)
Number of updated assets reloaded before import = 0
Start importing Assets/Oculus/SampleFramework/Usage/Passthrough/Materials/BlackUnlit.mat using Guid(646da484d21bf48d887dedfb481d78f8) Importer(815301076,1909f56bfc062723c751e8b465ee728b)  -> (artifact id: '08a5cdd85c0107cc37d7c4f033fda35b') in 0.056488 seconds 
Number of asset objects unloaded after import = 2
========================================================================
Received Import Request.
  Time since last request: 0.000054 seconds.
  path: Assets/Oculus/VR/Materials/BasicHandMaterial.mat
  artifactKey: Guid(5ba7d209f622bb44e87b47ce27ee27b7) Importer(815301076,1909f56bfc062723c751e8b465ee728b)
Number of updated assets reloaded before import = 0
Start importing Assets/Oculus/VR/Materials/BasicHandMaterial.mat using Guid(5ba7d209f622bb44e87b47ce27ee27b7) Importer(815301076,1909f56bfc062723c751e8b465ee728b)  -> (artifact id: '2bce2009997bc2f62a288c6b936283f0') in 0.060434 seconds 
Number of asset objects unloaded after import = 3
========================================================================
Received Import Request.
  Time since last request: 0.000042 seconds.
  path: Assets/Oculus/SampleFramework/Usage/SharedAssets/Materials/Ball03.mat
  artifactKey: Guid(d73f8afe478afde498d6b36047a52c73) Importer(815301076,1909f56bfc062723c751e8b465ee728b)
Number of updated assets reloaded before import = 0
Start importing Assets/Oculus/SampleFramework/Usage/SharedAssets/Materials/Ball03.mat using Guid(d73f8afe478afde498d6b36047a52c73) Importer(815301076,1909f56bfc062723c751e8b465ee728b)  -> (artifact id: 'f9dfa9e7b73a84a00b8cc783c01fa000') in 0.059285 seconds 
Number of asset objects unloaded after import = 3
========================================================================
Received Import Request.
  Time since last request: 0.000041 seconds.
  path: Assets/Oculus/SampleFramework/Usage/SharedAssets/Materials/Ball10.mat
  artifactKey: Guid(159194f8c47a59b44b6aeedaa2eaf336) Importer(815301076,1909f56bfc062723c751e8b465ee728b)
Number of updated assets reloaded before import = 0
Start importing Assets/Oculus/SampleFramework/Usage/SharedAssets/Materials/Ball10.mat using Guid(159194f8c47a59b44b6aeedaa2eaf336) Importer(815301076,1909f56bfc062723c751e8b465ee728b)  -> (artifact id: 'b85ac6560165173e0cb7255e7610fca7') in 0.051320 seconds 
Number of asset objects unloaded after import = 3
========================================================================
Received Import Request.
  Time since last request: 0.000043 seconds.
  path: Assets/Oculus/SampleFramework/Usage/SceneManager/Materials/Blue.mat
  artifactKey: Guid(f0e40fc865770de4cb1577c051163a9d) Importer(815301076,1909f56bfc062723c751e8b465ee728b)
Number of updated assets reloaded before import = 0
Start importing Assets/Oculus/SampleFramework/Usage/SceneManager/Materials/Blue.mat using Guid(f0e40fc865770de4cb1577c051163a9d) Importer(815301076,1909f56bfc062723c751e8b465ee728b)  -> (artifact id: 'e5a69c2bad9b8e5d7062b101fcd78e5d') in 0.036647 seconds 
Number of asset objects unloaded after import = 2
========================================================================
Received Import Request.
  Time since last request: 0.000035 seconds.
  path: Assets/Oculus/SampleFramework/Usage/SpatialAnchor/Materials/Blue.mat
  artifactKey: Guid(1b68ffca77c4c6344af03830dbeca2ca) Importer(815301076,1909f56bfc062723c751e8b465ee728b)
Number of updated assets reloaded before import = 0
Start importing Assets/Oculus/SampleFramework/Usage/SpatialAnchor/Materials/Blue.mat using Guid(1b68ffca77c4c6344af03830dbeca2ca) Importer(815301076,1909f56bfc062723c751e8b465ee728b)  -> (artifact id: '2041f96d3a62c71cb2aeb990036d6822') in 0.034583 seconds 
Number of asset objects unloaded after import = 2
========================================================================
Received Import Request.
  Time since last request: 0.000026 seconds.
  path: Assets/Oculus/SampleFramework/Usage/Passthrough/Materials/Blue.mat
  artifactKey: Guid(a86f23e51babc544a8f3e240ffe9b263) Importer(815301076,1909f56bfc062723c751e8b465ee728b)
Number of updated assets reloaded before import = 0
Start importing Assets/Oculus/SampleFramework/Usage/Passthrough/Materials/Blue.mat using Guid(a86f23e51babc544a8f3e240ffe9b263) Importer(815301076,1909f56bfc062723c751e8b465ee728b)  -> (artifact id: 'ed672cecd1dca13227b1fd7b899e6b8e') in 0.033811 seconds 
Number of asset objects unloaded after import = 2
========================================================================
Received Import Request.
  Time since last request: 0.000030 seconds.
  path: Assets/Oculus/SampleFramework/Usage/SceneManager/Materials/Ball Visible.mat
  artifactKey: Guid(393d64b573215e544b8b5cc315e10d68) Importer(815301076,1909f56bfc062723c751e8b465ee728b)
Number of updated assets reloaded before import = 0
Start importing Assets/Oculus/SampleFramework/Usage/SceneManager/Materials/Ball Visible.mat using Guid(393d64b573215e544b8b5cc315e10d68) Importer(815301076,1909f56bfc062723c751e8b465ee728b)  -> (artifact id: '1a9d9fe1d217ad6615a8f2e66420bd17') in 0.034425 seconds 
Number of asset objects unloaded after import = 2
========================================================================
Received Import Request.
  Time since last request: 0.000034 seconds.
  path: Assets/Oculus/SampleFramework/Usage/SceneManager/Materials/Ball Hidden.mat
  artifactKey: Guid(9827083418370bd4383a7507ca039547) Importer(815301076,1909f56bfc062723c751e8b465ee728b)
Number of updated assets reloaded before import = 0
Start importing Assets/Oculus/SampleFramework/Usage/SceneManager/Materials/Ball Hidden.mat using Guid(9827083418370bd4383a7507ca039547) Importer(815301076,1909f56bfc062723c751e8b465ee728b)  -> (artifact id: 'e626cf9d90de61650a707faaa8f87fac') in 0.041827 seconds 
Number of asset objects unloaded after import = 2
========================================================================
Received Import Request.
  Time since last request: 0.000045 seconds.
  path: Assets/Oculus/SampleFramework/Usage/DistanceGrab/Materials/Ball10WithOutline.mat
  artifactKey: Guid(d00d1a54e2eb041f4aaa2e3a08cd3e93) Importer(815301076,1909f56bfc062723c751e8b465ee728b)
Number of updated assets reloaded before import = 0
Start importing Assets/Oculus/SampleFramework/Usage/DistanceGrab/Materials/Ball10WithOutline.mat using Guid(d00d1a54e2eb041f4aaa2e3a08cd3e93) Importer(815301076,1909f56bfc062723c751e8b465ee728b)  -> (artifact id: '87d6046442bcfda6bf65c7d89e2a327c') in 0.046261 seconds 
Number of asset objects unloaded after import = 4
========================================================================
Received Import Request.
  Time since last request: 0.000034 seconds.
  path: Assets/Oculus/VR/Meshes/MetaQuestTouchPro/Materials/batteryIndicator_mat.mat
  artifactKey: Guid(3abd38e0d18db6c49b2c96961d69d024) Importer(815301076,1909f56bfc062723c751e8b465ee728b)
Number of updated assets reloaded before import = 0
Start importing Assets/Oculus/VR/Meshes/MetaQuestTouchPro/Materials/batteryIndicator_mat.mat using Guid(3abd38e0d18db6c49b2c96961d69d024) Importer(815301076,1909f56bfc062723c751e8b465ee728b)  -> (artifact id: '20fce3c4ba2e909575ed7fe64985aba0') in 0.055927 seconds 
Number of asset objects unloaded after import = 3
========================================================================
Received Import Request.
  Time since last request: 0.000027 seconds.
  path: Assets/Oculus/Interaction/Samples/Objects/Props/BigStone/Materials/BigStoneMat.mat
  artifactKey: Guid(d786d4ccd0847a64f80d21ee6b07874f) Importer(815301076,1909f56bfc062723c751e8b465ee728b)
Number of updated assets reloaded before import = 0
Start importing Assets/Oculus/Interaction/Samples/Objects/Props/BigStone/Materials/BigStoneMat.mat using Guid(d786d4ccd0847a64f80d21ee6b07874f) Importer(815301076,1909f56bfc062723c751e8b465ee728b)  -> (artifact id: '8c7576a4a25aefd2c01d74901cc73a86') in 0.061636 seconds 
Number of asset objects unloaded after import = 3
========================================================================
Received Import Request.
  Time since last request: 0.000044 seconds.
  path: Assets/Oculus/SampleFramework/Usage/HandsTrainExample/Materials/BackgroundMaterial.mat
  artifactKey: Guid(e95c781da52e2d14fb2fba44d7476164) Importer(815301076,1909f56bfc062723c751e8b465ee728b)
Number of updated assets reloaded before import = 0
Start importing Assets/Oculus/SampleFramework/Usage/HandsTrainExample/Materials/BackgroundMaterial.mat using Guid(e95c781da52e2d14fb2fba44d7476164) Importer(815301076,1909f56bfc062723c751e8b465ee728b)  -> (artifact id: '8fe89c965307411f63a936515d3434b6') in 0.097908 seconds 
Number of asset objects unloaded after import = 5
Editor requested this worker to shutdown with reason: Scaling down because of idle timeout
AssetImportWorker is now disconnected from the server
Process exiting
Exiting without the bug reporter. Application will terminate with return code 0